Using pre-set license
Built from '2021.2/staging' branch; Version is '2021.2.5f1 (4ec9a5e799f5) revision 5163429'; Using compiler version '192829333'; Build Type 'Release'
OS: 'Windows 10  (10.0.17763) 64bit Professional' Language: 'ko' Physical Memory: 16342 MB
BatchMode: 1, IsHumanControllingUs: 0, StartBugReporterOnCrash: 0, Is64bit: 1, IsPro: 0

COMMAND LINE ARGUMENTS:
D:\Program Files\Unity\2021.2.5f1\Editor\Unity.exe
-adb2
-batchMode
-noUpm
-name
AssetImportWorker0
-projectPath
G:/_UNproject/git-whiSky/whiSky
-logFile
Logs/AssetImportWorker0.log
-srvPort
53123
Successfully changed project path to: G:/_UNproject/git-whiSky/whiSky
G:/_UNproject/git-whiSky/whiSky
[UnityMemory] Configuration Parameters - Can be set up in boot.config
    "memorysetup-bucket-allocator-granularity=16"
    "memorysetup-bucket-allocator-bucket-count=8"
    "memorysetup-bucket-allocator-block-size=33554432"
    "memorysetup-bucket-allocator-block-count=8"
    "memorysetup-main-allocator-block-size=16777216"
    "memorysetup-thread-allocator-block-size=16777216"
    "memorysetup-gfx-main-allocator-block-size=16777216"
    "memorysetup-gfx-thread-allocator-block-size=16777216"
    "memorysetup-cache-allocator-block-size=4194304"
    "memorysetup-typetree-allocator-block-size=2097152"
    "memorysetup-profiler-bucket-allocator-granularity=16"
    "memorysetup-profiler-bucket-allocator-bucket-count=8"
    "memorysetup-profiler-bucket-allocator-block-size=33554432"
    "memorysetup-profiler-bucket-allocator-block-count=8"
    "memorysetup-profiler-allocator-block-size=16777216"
    "memorysetup-profiler-editor-allocator-block-size=1048576"
    "memorysetup-temp-allocator-size-main=16777216"
    "memorysetup-job-temp-allocator-block-size=2097152"
    "memorysetup-job-temp-allocator-block-size-background=1048576"
    "memorysetup-job-temp-allocator-reduction-small-platforms=262144"
    "memorysetup-temp-allocator-size-background-worker=32768"
    "memorysetup-temp-allocator-size-job-worker=262144"
    "memorysetup-temp-allocator-size-preload-manager=33554432"
    "memorysetup-temp-allocator-size-nav-mesh-worker=65536"
    "memorysetup-temp-allocator-size-audio-worker=65536"
    "memorysetup-temp-allocator-size-cloud-worker=32768"
    "memorysetup-temp-allocator-size-gi-baking-worker=262144"
    "memorysetup-temp-allocator-size-gfx=262144"
Refreshing native plugins compatible for Editor in 135.84 ms, found 3 plugins.
Preloading 0 native plugins for Editor in 0.00 ms.
Initialize engine version: 2021.2.5f1 (4ec9a5e799f5)
[Subsystems] Discovering subsystems at path D:/Program Files/Unity/2021.2.5f1/Editor/Data/Resources/UnitySubsystems
[Subsystems] Discovering subsystems at path G:/_UNproject/git-whiSky/whiSky/Assets
GfxDevice: creating device client; threaded=0; jobified=0
Direct3D:
    Version:  Direct3D 11.0 [level 11.1]
    Renderer: NVIDIA GeForce GTX 960 (ID=0x1401)
    Vendor:   NVIDIA
    VRAM:     2007 MB
    Driver:   27.21.14.6192
Initialize mono
Mono path[0] = 'D:/Program Files/Unity/2021.2.5f1/Editor/Data/Managed'
Mono path[1] = 'D:/Program Files/Unity/2021.2.5f1/Editor/Data/MonoBleedingEdge/lib/mono/unityjit-win32'
Mono config path = 'D:/Program Files/Unity/2021.2.5f1/Editor/Data/MonoBleedingEdge/etc'
Using monoOptions --debugger-agent=transport=dt_socket,embedding=1,server=y,suspend=n,address=127.0.0.1:56572
Begin MonoManager ReloadAssembly
Registering precompiled unity dll's ...
Register platform support module: D:/Program Files/Unity/2021.2.5f1/Editor/Data/PlaybackEngines/WindowsStandaloneSupport/UnityEditor.WindowsStandalone.Extensions.dll
Registered in 0.006083 seconds.
Native extension for WindowsStandalone target not found
Refreshing native plugins compatible for Editor in 134.87 ms, found 3 plugins.
Preloading 0 native plugins for Editor in 0.00 ms.
Mono: successfully reloaded assembly
- Completed reload, in  0.889 seconds
Domain Reload Profiling:
	ReloadAssembly (889ms)
		BeginReloadAssembly (114ms)
			ExecutionOrderSort (0ms)
			DisableScriptedObjects (0ms)
			BackupInstance (0ms)
			ReleaseScriptingObjects (0ms)
			CreateAndSetChildDomain (1ms)
		EndReloadAssembly (681ms)
			LoadAssemblies (113ms)
			RebuildTransferFunctionScriptingTraits (0ms)
			SetupTypeCache (139ms)
			ReleaseScriptCaches (0ms)
			RebuildScriptCaches (41ms)
			SetupLoadedEditorAssemblies (430ms)
				LogAssemblyErrors (0ms)
				InitializePlatformSupportModulesInManaged (19ms)
				SetLoadedEditorAssemblies (0ms)
				RefreshPlugins (135ms)
				BeforeProcessingInitializeOnLoad (2ms)
				ProcessInitializeOnLoadAttributes (193ms)
				ProcessInitializeOnLoadMethodAttributes (81ms)
				AfterProcessingInitializeOnLoad (0ms)
				EditorAssembliesLoaded (0ms)
			ExecutionOrderSort2 (0ms)
			AwakeInstancesAfterBackupRestoration (0ms)
Platform modules already initialized, skipping
Registering precompiled user dll's ...
Registered in 0.009726 seconds.
Begin MonoManager ReloadAssembly
Symbol file LoadedFromMemory doesn't match image G:\_UNproject\git-whiSky\whiSky\Library\PackageCache\com.unity.visualscripting@1.7.5\Editor\VisualScripting.Core\Dependencies\YamlDotNet\Unity.VisualScripting.YamlDotNet.dll
Symbol file LoadedFromMemory doesn't match image G:\_UNproject\git-whiSky\whiSky\Library\PackageCache\com.unity.visualscripting@1.7.5\Editor\VisualScripting.Core\Dependencies\DotNetZip\Unity.VisualScripting.IonicZip.dll
Native extension for WindowsStandalone target not found
Refreshing native plugins compatible for Editor in 0.73 ms, found 3 plugins.
Preloading 0 native plugins for Editor in 0.00 ms.
Mono: successfully reloaded assembly
- Completed reload, in  1.685 seconds
Domain Reload Profiling:
	ReloadAssembly (1686ms)
		BeginReloadAssembly (230ms)
			ExecutionOrderSort (0ms)
			DisableScriptedObjects (7ms)
			BackupInstance (0ms)
			ReleaseScriptingObjects (0ms)
			CreateAndSetChildDomain (23ms)
		EndReloadAssembly (1328ms)
			LoadAssemblies (111ms)
			RebuildTransferFunctionScriptingTraits (0ms)
			SetupTypeCache (369ms)
			ReleaseScriptCaches (1ms)
			RebuildScriptCaches (69ms)
			SetupLoadedEditorAssemblies (622ms)
				LogAssemblyErrors (0ms)
				InitializePlatformSupportModulesInManaged (16ms)
				SetLoadedEditorAssemblies (1ms)
				RefreshPlugins (1ms)
				BeforeProcessingInitializeOnLoad (172ms)
				ProcessInitializeOnLoadAttributes (392ms)
				ProcessInitializeOnLoadMethodAttributes (36ms)
				AfterProcessingInitializeOnLoad (4ms)
				EditorAssembliesLoaded (0ms)
			ExecutionOrderSort2 (0ms)
			AwakeInstancesAfterBackupRestoration (23ms)
Platform modules already initialized, skipping
========================================================================
Worker process is ready to serve import requests
Launched and connected shader compiler UnityShaderCompiler.exe after 0.07 seconds
Refreshing native plugins compatible for Editor in 0.75 ms, found 3 plugins.
Preloading 0 native plugins for Editor in 0.00 ms.
Unloading 3214 Unused Serialized files (Serialized files now loaded: 0)
Unloading 26 unused Assets / (112.7 KB). Loaded Objects now: 3674.
Memory consumption went from 122.6 MB to 122.5 MB.
Total: 3.143100 ms (FindLiveObjects: 0.306100 ms CreateObjectMapping: 0.189600 ms MarkObjects: 2.528800 ms  DeleteObjects: 0.117900 ms)

AssetImportParameters requested are different than current active one (requested -> active):
  custom:video-decoder-ogg-theora: a1e56fd34408186e4bbccfd4996cb3dc -> 
  custom:container-muxer-webm: aa71ff27fc2769a1b78a27578f13a17b -> 
  custom:container-demuxer-webm: 4f35f7cbe854078d1ac9338744f61a02 -> 
  custom:video-encoder-webm-vp8: eb34c28f22e8b96e1ab97ce403110664 -> 
  custom:audio-encoder-webm-vorbis: bf7c407c2cedff20999df2af8eb42d56 -> 
  custom:framework-win-MediaFoundation: 216162199b28c13a410421893ffa2e32 -> 
  custom:container-demuxer-ogg: 62fdf1f143b41e24485cea50d1cbac27 -> 
  custom:video-decoder-webm-vp8: 9c59270c3fd7afecdb556c50c9e8de78 -> 
  custom:audio-decoder-ogg-vorbis: bf7c407c2cedff20999df2af8eb42d56 -> 
========================================================================
Received Import Request.
  Time since last request: 2467485.835197 seconds.
  path: Assets/Script/Menu/StartPage-Button.cs
  artifactKey: Guid(6922f5e46211f404ea6c3760d7bb3308) Importer(815301076,1909f56bfc062723c751e8b465ee728b)
Start importing Assets/Script/Menu/StartPage-Button.cs using Guid(6922f5e46211f404ea6c3760d7bb3308) Importer(815301076,1909f56bfc062723c751e8b465ee728b)  -> (artifact id: '062dda0cf2fd214c1f46fb0c062eec1e') in 0.226791 seconds 
========================================================================
Received Prepare
Registering precompiled user dll's ...
Registered in 0.008519 seconds.
Begin MonoManager ReloadAssembly
Symbol file LoadedFromMemory doesn't match image G:\_UNproject\git-whiSky\whiSky\Library\PackageCache\com.unity.visualscripting@1.7.5\Editor\VisualScripting.Core\Dependencies\YamlDotNet\Unity.VisualScripting.YamlDotNet.dll
Symbol file LoadedFromMemory doesn't match image G:\_UNproject\git-whiSky\whiSky\Library\PackageCache\com.unity.visualscripting@1.7.5\Editor\VisualScripting.Core\Dependencies\DotNetZip\Unity.VisualScripting.IonicZip.dll
Native extension for WindowsStandalone target not found
Refreshing native plugins compatible for Editor in 0.88 ms, found 3 plugins.
Preloading 0 native plugins for Editor in 0.00 ms.
Mono: successfully reloaded assembly
- Completed reload, in  1.409 seconds
Domain Reload Profiling:
	ReloadAssembly (1410ms)
		BeginReloadAssembly (166ms)
			ExecutionOrderSort (0ms)
			DisableScriptedObjects (7ms)
			BackupInstance (0ms)
			ReleaseScriptingObjects (0ms)
			CreateAndSetChildDomain (45ms)
		EndReloadAssembly (1113ms)
			LoadAssemblies (120ms)
			RebuildTransferFunctionScriptingTraits (0ms)
			SetupTypeCache (360ms)
			ReleaseScriptCaches (3ms)
			RebuildScriptCaches (52ms)
			SetupLoadedEditorAssemblies (421ms)
				LogAssemblyErrors (0ms)
				InitializePlatformSupportModulesInManaged (17ms)
				SetLoadedEditorAssemblies (1ms)
				RefreshPlugins (1ms)
				BeforeProcessingInitializeOnLoad (96ms)
				ProcessInitializeOnLoadAttributes (274ms)
				ProcessInitializeOnLoadMethodAttributes (29ms)
				AfterProcessingInitializeOnLoad (4ms)
				EditorAssembliesLoaded (0ms)
			ExecutionOrderSort2 (0ms)
			AwakeInstancesAfterBackupRestoration (19ms)
Platform modules already initialized, skipping
Refreshing native plugins compatible for Editor in 0.73 ms, found 3 plugins.
Preloading 0 native plugins for Editor in 0.00 ms.
Unloading 3207 Unused Serialized files (Serialized files now loaded: 0)
Unloading 22 unused Assets / (79.6 KB). Loaded Objects now: 3675.
Memory consumption went from 122.5 MB to 122.5 MB.
Total: 2.837100 ms (FindLiveObjects: 0.288700 ms CreateObjectMapping: 0.221400 ms MarkObjects: 2.239600 ms  DeleteObjects: 0.086100 ms)

AssetImportParameters requested are different than current active one (requested -> active):
  custom:video-decoder-ogg-theora: a1e56fd34408186e4bbccfd4996cb3dc -> 
  custom:container-muxer-webm: aa71ff27fc2769a1b78a27578f13a17b -> 
  custom:container-demuxer-webm: 4f35f7cbe854078d1ac9338744f61a02 -> 
  custom:video-encoder-webm-vp8: eb34c28f22e8b96e1ab97ce403110664 -> 
  custom:audio-encoder-webm-vorbis: bf7c407c2cedff20999df2af8eb42d56 -> 
  custom:framework-win-MediaFoundation: 216162199b28c13a410421893ffa2e32 -> 
  custom:container-demuxer-ogg: 62fdf1f143b41e24485cea50d1cbac27 -> 
  custom:video-decoder-webm-vp8: 9c59270c3fd7afecdb556c50c9e8de78 -> 
  custom:audio-decoder-ogg-vorbis: bf7c407c2cedff20999df2af8eb42d56 -> 
========================================================================
Received Import Request.
  Time since last request: 80.651913 seconds.
  path: Assets/Script/Menu/StartPageButtonStart.cs
  artifactKey: Guid(2be44777c29042147bba500101292765) Importer(815301076,1909f56bfc062723c751e8b465ee728b)
Start importing Assets/Script/Menu/StartPageButtonStart.cs using Guid(2be44777c29042147bba500101292765) Importer(815301076,1909f56bfc062723c751e8b465ee728b)  -> (artifact id: '182259a51060e9ad53933efbb82b3134') in 0.015644 seconds 
========================================================================
Received Prepare
Registering precompiled user dll's ...
Registered in 0.008677 seconds.
Begin MonoManager ReloadAssembly
Symbol file LoadedFromMemory doesn't match image G:\_UNproject\git-whiSky\whiSky\Library\PackageCache\com.unity.visualscripting@1.7.5\Editor\VisualScripting.Core\Dependencies\YamlDotNet\Unity.VisualScripting.YamlDotNet.dll
Symbol file LoadedFromMemory doesn't match image G:\_UNproject\git-whiSky\whiSky\Library\PackageCache\com.unity.visualscripting@1.7.5\Editor\VisualScripting.Core\Dependencies\DotNetZip\Unity.VisualScripting.IonicZip.dll
Native extension for WindowsStandalone target not found
Refreshing native plugins compatible for Editor in 0.75 ms, found 3 plugins.
Preloading 0 native plugins for Editor in 0.00 ms.
Mono: successfully reloaded assembly
- Completed reload, in  1.367 seconds
Domain Reload Profiling:
	ReloadAssembly (1368ms)
		BeginReloadAssembly (164ms)
			ExecutionOrderSort (0ms)
			DisableScriptedObjects (7ms)
			BackupInstance (0ms)
			ReleaseScriptingObjects (0ms)
			CreateAndSetChildDomain (41ms)
		EndReloadAssembly (1081ms)
			LoadAssemblies (113ms)
			RebuildTransferFunctionScriptingTraits (0ms)
			SetupTypeCache (347ms)
			ReleaseScriptCaches (1ms)
			RebuildScriptCaches (60ms)
			SetupLoadedEditorAssemblies (418ms)
				LogAssemblyErrors (0ms)
				InitializePlatformSupportModulesInManaged (17ms)
				SetLoadedEditorAssemblies (1ms)
				RefreshPlugins (1ms)
				BeforeProcessingInitializeOnLoad (90ms)
				ProcessInitializeOnLoadAttributes (275ms)
				ProcessInitializeOnLoadMethodAttributes (29ms)
				AfterProcessingInitializeOnLoad (5ms)
				EditorAssembliesLoaded (0ms)
			ExecutionOrderSort2 (0ms)
			AwakeInstancesAfterBackupRestoration (18ms)
Platform modules already initialized, skipping
Refreshing native plugins compatible for Editor in 0.76 ms, found 3 plugins.
Preloading 0 native plugins for Editor in 0.00 ms.
Unloading 3208 Unused Serialized files (Serialized files now loaded: 0)
Unloading 21 unused Assets / (79.6 KB). Loaded Objects now: 3678.
Memory consumption went from 122.6 MB to 122.5 MB.
Total: 3.885400 ms (FindLiveObjects: 0.292800 ms CreateObjectMapping: 0.199700 ms MarkObjects: 3.243500 ms  DeleteObjects: 0.148200 ms)

AssetImportParameters requested are different than current active one (requested -> active):
  custom:video-decoder-ogg-theora: a1e56fd34408186e4bbccfd4996cb3dc -> 
  custom:container-muxer-webm: aa71ff27fc2769a1b78a27578f13a17b -> 
  custom:container-demuxer-webm: 4f35f7cbe854078d1ac9338744f61a02 -> 
  custom:video-encoder-webm-vp8: eb34c28f22e8b96e1ab97ce403110664 -> 
  custom:audio-encoder-webm-vorbis: bf7c407c2cedff20999df2af8eb42d56 -> 
  custom:framework-win-MediaFoundation: 216162199b28c13a410421893ffa2e32 -> 
  custom:container-demuxer-ogg: 62fdf1f143b41e24485cea50d1cbac27 -> 
  custom:video-decoder-webm-vp8: 9c59270c3fd7afecdb556c50c9e8de78 -> 
  custom:audio-decoder-ogg-vorbis: bf7c407c2cedff20999df2af8eb42d56 -> 
========================================================================
Received Import Request.
  Time since last request: 24.676301 seconds.
  path: Assets/Script/Fun
  artifactKey: Guid(591a862f3d34c4b47b6e188d82a92622) Importer(815301076,1909f56bfc062723c751e8b465ee728b)
Start importing Assets/Script/Fun using Guid(591a862f3d34c4b47b6e188d82a92622) Importer(815301076,1909f56bfc062723c751e8b465ee728b)  -> (artifact id: '0c170bcd5a61515618ba9f934b92576e') in 0.018481 seconds 
========================================================================
Received Import Request.
  Time since last request: 11.639246 seconds.
  path: Assets/Script/_Fun
  artifactKey: Guid(591a862f3d34c4b47b6e188d82a92622) Importer(815301076,1909f56bfc062723c751e8b465ee728b)
Start importing Assets/Script/_Fun using Guid(591a862f3d34c4b47b6e188d82a92622) Importer(815301076,1909f56bfc062723c751e8b465ee728b)  -> (artifact id: 'a0b0f687b7ea41d204dd445de21d20dd') in 0.026377 seconds 
========================================================================
Received Import Request.
  Time since last request: 17.946091 seconds.
  path: Assets/Script/_Fun/PlayerData Manager.cs
  artifactKey: Guid(41c8fd4efc3a2cf42a3b6f76e043537c) Importer(815301076,1909f56bfc062723c751e8b465ee728b)
Start importing Assets/Script/_Fun/PlayerData Manager.cs using Guid(41c8fd4efc3a2cf42a3b6f76e043537c) Importer(815301076,1909f56bfc062723c751e8b465ee728b)  -> (artifact id: '7cdaa54887b5c5c6fb6413430584d788') in 0.013656 seconds 
========================================================================
Received Prepare
Registering precompiled user dll's ...
Registered in 0.010679 seconds.
Begin MonoManager ReloadAssembly
Symbol file LoadedFromMemory doesn't match image G:\_UNproject\git-whiSky\whiSky\Library\PackageCache\com.unity.visualscripting@1.7.5\Editor\VisualScripting.Core\Dependencies\YamlDotNet\Unity.VisualScripting.YamlDotNet.dll
Symbol file LoadedFromMemory doesn't match image G:\_UNproject\git-whiSky\whiSky\Library\PackageCache\com.unity.visualscripting@1.7.5\Editor\VisualScripting.Core\Dependencies\DotNetZip\Unity.VisualScripting.IonicZip.dll
Native extension for WindowsStandalone target not found
Refreshing native plugins compatible for Editor in 0.82 ms, found 3 plugins.
Preloading 0 native plugins for Editor in 0.00 ms.
Mono: successfully reloaded assembly
- Completed reload, in  1.359 seconds
Domain Reload Profiling:
	ReloadAssembly (1360ms)
		BeginReloadAssembly (176ms)
			ExecutionOrderSort (0ms)
			DisableScriptedObjects (10ms)
			BackupInstance (0ms)
			ReleaseScriptingObjects (0ms)
			CreateAndSetChildDomain (42ms)
		EndReloadAssembly (1060ms)
			LoadAssemblies (115ms)
			RebuildTransferFunctionScriptingTraits (0ms)
			SetupTypeCache (340ms)
			ReleaseScriptCaches (1ms)
			RebuildScriptCaches (53ms)
			SetupLoadedEditorAssemblies (420ms)
				LogAssemblyErrors (0ms)
				InitializePlatformSupportModulesInManaged (16ms)
				SetLoadedEditorAssemblies (0ms)
				RefreshPlugins (1ms)
				BeforeProcessingInitializeOnLoad (89ms)
				ProcessInitializeOnLoadAttributes (267ms)
				ProcessInitializeOnLoadMethodAttributes (42ms)
				AfterProcessingInitializeOnLoad (3ms)
				EditorAssembliesLoaded (0ms)
			ExecutionOrderSort2 (0ms)
			AwakeInstancesAfterBackupRestoration (20ms)
Platform modules already initialized, skipping
Refreshing native plugins compatible for Editor in 2.00 ms, found 3 plugins.
Preloading 0 native plugins for Editor in 0.00 ms.
Unloading 3209 Unused Serialized files (Serialized files now loaded: 0)
Unloading 21 unused Assets / (79.6 KB). Loaded Objects now: 3681.
Memory consumption went from 122.6 MB to 122.5 MB.
Total: 2.881800 ms (FindLiveObjects: 0.287700 ms CreateObjectMapping: 0.227900 ms MarkObjects: 2.267100 ms  DeleteObjects: 0.098100 ms)

AssetImportParameters requested are different than current active one (requested -> active):
  custom:video-decoder-ogg-theora: a1e56fd34408186e4bbccfd4996cb3dc -> 
  custom:container-muxer-webm: aa71ff27fc2769a1b78a27578f13a17b -> 
  custom:container-demuxer-webm: 4f35f7cbe854078d1ac9338744f61a02 -> 
  custom:video-encoder-webm-vp8: eb34c28f22e8b96e1ab97ce403110664 -> 
  custom:audio-encoder-webm-vorbis: bf7c407c2cedff20999df2af8eb42d56 -> 
  custom:framework-win-MediaFoundation: 216162199b28c13a410421893ffa2e32 -> 
  custom:container-demuxer-ogg: 62fdf1f143b41e24485cea50d1cbac27 -> 
  custom:video-decoder-webm-vp8: 9c59270c3fd7afecdb556c50c9e8de78 -> 
  custom:audio-decoder-ogg-vorbis: bf7c407c2cedff20999df2af8eb42d56 -> 
========================================================================
Received Import Request.
  Time since last request: 8.711988 seconds.
  path: Assets/Script/_Fun/PlayerDataManager.cs
  artifactKey: Guid(41c8fd4efc3a2cf42a3b6f76e043537c) Importer(815301076,1909f56bfc062723c751e8b465ee728b)
Start importing Assets/Script/_Fun/PlayerDataManager.cs using Guid(41c8fd4efc3a2cf42a3b6f76e043537c) Importer(815301076,1909f56bfc062723c751e8b465ee728b)  -> (artifact id: 'cabea8b1ea029bb01eb0c37dc4a4e53b') in 0.014183 seconds 
========================================================================
Received Prepare
Registering precompiled user dll's ...
Registered in 0.007833 seconds.
Begin MonoManager ReloadAssembly
Symbol file LoadedFromMemory doesn't match image G:\_UNproject\git-whiSky\whiSky\Library\PackageCache\com.unity.visualscripting@1.7.5\Editor\VisualScripting.Core\Dependencies\YamlDotNet\Unity.VisualScripting.YamlDotNet.dll
Symbol file LoadedFromMemory doesn't match image G:\_UNproject\git-whiSky\whiSky\Library\PackageCache\com.unity.visualscripting@1.7.5\Editor\VisualScripting.Core\Dependencies\DotNetZip\Unity.VisualScripting.IonicZip.dll
Native extension for WindowsStandalone target not found
Refreshing native plugins compatible for Editor in 1.21 ms, found 3 plugins.
Preloading 0 native plugins for Editor in 0.00 ms.
Mono: successfully reloaded assembly
- Completed reload, in  1.378 seconds
Domain Reload Profiling:
	ReloadAssembly (1379ms)
		BeginReloadAssembly (180ms)
			ExecutionOrderSort (0ms)
			DisableScriptedObjects (10ms)
			BackupInstance (0ms)
			ReleaseScriptingObjects (0ms)
			CreateAndSetChildDomain (53ms)
		EndReloadAssembly (1075ms)
			LoadAssemblies (116ms)
			RebuildTransferFunctionScriptingTraits (0ms)
			SetupTypeCache (352ms)
			ReleaseScriptCaches (1ms)
			RebuildScriptCaches (55ms)
			SetupLoadedEditorAssemblies (402ms)
				LogAssemblyErrors (0ms)
				InitializePlatformSupportModulesInManaged (15ms)
				SetLoadedEditorAssemblies (0ms)
				RefreshPlugins (1ms)
				BeforeProcessingInitializeOnLoad (84ms)
				ProcessInitializeOnLoadAttributes (266ms)
				ProcessInitializeOnLoadMethodAttributes (32ms)
				AfterProcessingInitializeOnLoad (4ms)
				EditorAssembliesLoaded (0ms)
			ExecutionOrderSort2 (0ms)
			AwakeInstancesAfterBackupRestoration (21ms)
Platform modules already initialized, skipping
Refreshing native plugins compatible for Editor in 2.85 ms, found 3 plugins.
Preloading 0 native plugins for Editor in 0.00 ms.
Unloading 3209 Unused Serialized files (Serialized files now loaded: 0)
Unloading 21 unused Assets / (79.7 KB). Loaded Objects now: 3683.
Memory consumption went from 122.6 MB to 122.5 MB.
Total: 3.678300 ms (FindLiveObjects: 0.447700 ms CreateObjectMapping: 0.221400 ms MarkObjects: 2.888400 ms  DeleteObjects: 0.119700 ms)

AssetImportParameters requested are different than current active one (requested -> active):
  custom:video-decoder-ogg-theora: a1e56fd34408186e4bbccfd4996cb3dc -> 
  custom:container-muxer-webm: aa71ff27fc2769a1b78a27578f13a17b -> 
  custom:container-demuxer-webm: 4f35f7cbe854078d1ac9338744f61a02 -> 
  custom:video-encoder-webm-vp8: eb34c28f22e8b96e1ab97ce403110664 -> 
  custom:audio-encoder-webm-vorbis: bf7c407c2cedff20999df2af8eb42d56 -> 
  custom:framework-win-MediaFoundation: 216162199b28c13a410421893ffa2e32 -> 
  custom:container-demuxer-ogg: 62fdf1f143b41e24485cea50d1cbac27 -> 
  custom:video-decoder-webm-vp8: 9c59270c3fd7afecdb556c50c9e8de78 -> 
  custom:audio-decoder-ogg-vorbis: bf7c407c2cedff20999df2af8eb42d56 -> 
========================================================================
Received Import Request.
  Time since last request: 8.676026 seconds.
  path: Assets/Script/_Fun/GameManager.cs
  artifactKey: Guid(40f56cc10c224ca41b9997c9f4f9305d) Importer(815301076,1909f56bfc062723c751e8b465ee728b)
Start importing Assets/Script/_Fun/GameManager.cs using Guid(40f56cc10c224ca41b9997c9f4f9305d) Importer(815301076,1909f56bfc062723c751e8b465ee728b)  -> (artifact id: '6fe20265cfbfe06963684e5ace7e88c9') in 0.012154 seconds 
========================================================================
Received Prepare
Registering precompiled user dll's ...
Registered in 0.008051 seconds.
Begin MonoManager ReloadAssembly
Symbol file LoadedFromMemory doesn't match image G:\_UNproject\git-whiSky\whiSky\Library\PackageCache\com.unity.visualscripting@1.7.5\Editor\VisualScripting.Core\Dependencies\YamlDotNet\Unity.VisualScripting.YamlDotNet.dll
Symbol file LoadedFromMemory doesn't match image G:\_UNproject\git-whiSky\whiSky\Library\PackageCache\com.unity.visualscripting@1.7.5\Editor\VisualScripting.Core\Dependencies\DotNetZip\Unity.VisualScripting.IonicZip.dll
Native extension for WindowsStandalone target not found
Refreshing native plugins compatible for Editor in 0.75 ms, found 3 plugins.
Preloading 0 native plugins for Editor in 0.00 ms.
Mono: successfully reloaded assembly
- Completed reload, in  1.373 seconds
Domain Reload Profiling:
	ReloadAssembly (1374ms)
		BeginReloadAssembly (170ms)
			ExecutionOrderSort (0ms)
			DisableScriptedObjects (8ms)
			BackupInstance (0ms)
			ReleaseScriptingObjects (0ms)
			CreateAndSetChildDomain (38ms)
		EndReloadAssembly (1080ms)
			LoadAssemblies (122ms)
			RebuildTransferFunctionScriptingTraits (0ms)
			SetupTypeCache (370ms)
			ReleaseScriptCaches (3ms)
			RebuildScriptCaches (51ms)
			SetupLoadedEditorAssemblies (392ms)
				LogAssemblyErrors (0ms)
				InitializePlatformSupportModulesInManaged (14ms)
				SetLoadedEditorAssemblies (0ms)
				RefreshPlugins (1ms)
				BeforeProcessingInitializeOnLoad (87ms)
				ProcessInitializeOnLoadAttributes (253ms)
				ProcessInitializeOnLoadMethodAttributes (29ms)
				AfterProcessingInitializeOnLoad (8ms)
				EditorAssembliesLoaded (0ms)
			ExecutionOrderSort2 (0ms)
			AwakeInstancesAfterBackupRestoration (17ms)
Platform modules already initialized, skipping
Refreshing native plugins compatible for Editor in 0.71 ms, found 3 plugins.
Preloading 0 native plugins for Editor in 0.00 ms.
Unloading 3209 Unused Serialized files (Serialized files now loaded: 0)
Unloading 21 unused Assets / (79.6 KB). Loaded Objects now: 3685.
Memory consumption went from 122.6 MB to 122.5 MB.
Total: 3.573500 ms (FindLiveObjects: 0.282400 ms CreateObjectMapping: 0.393100 ms MarkObjects: 2.797900 ms  DeleteObjects: 0.099300 ms)

AssetImportParameters requested are different than current active one (requested -> active):
  custom:video-decoder-ogg-theora: a1e56fd34408186e4bbccfd4996cb3dc -> 
  custom:container-muxer-webm: aa71ff27fc2769a1b78a27578f13a17b -> 
  custom:container-demuxer-webm: 4f35f7cbe854078d1ac9338744f61a02 -> 
  custom:video-encoder-webm-vp8: eb34c28f22e8b96e1ab97ce403110664 -> 
  custom:audio-encoder-webm-vorbis: bf7c407c2cedff20999df2af8eb42d56 -> 
  custom:framework-win-MediaFoundation: 216162199b28c13a410421893ffa2e32 -> 
  custom:container-demuxer-ogg: 62fdf1f143b41e24485cea50d1cbac27 -> 
  custom:video-decoder-webm-vp8: 9c59270c3fd7afecdb556c50c9e8de78 -> 
  custom:audio-decoder-ogg-vorbis: bf7c407c2cedff20999df2af8eb42d56 -> 
========================================================================
Received Import Request.
  Time since last request: 3221.993066 seconds.
  path: Assets/Script/_Fun/PlayerDataManager.cs
  artifactKey: Guid(41c8fd4efc3a2cf42a3b6f76e043537c) Importer(815301076,1909f56bfc062723c751e8b465ee728b)
Start importing Assets/Script/_Fun/PlayerDataManager.cs using Guid(41c8fd4efc3a2cf42a3b6f76e043537c) Importer(815301076,1909f56bfc062723c751e8b465ee728b)  -> (artifact id: '5c56baad5f52f0abeb8603b1578a14ac') in 0.089937 seconds 
========================================================================
Received Import Request.
  Time since last request: 743.835388 seconds.
  path: Assets/Script/_Fun/PlayerDataManager.cs
  artifactKey: Guid(41c8fd4efc3a2cf42a3b6f76e043537c) Importer(815301076,1909f56bfc062723c751e8b465ee728b)
Start importing Assets/Script/_Fun/PlayerDataManager.cs using Guid(41c8fd4efc3a2cf42a3b6f76e043537c) Importer(815301076,1909f56bfc062723c751e8b465ee728b)  -> (artifact id: '0020fdcfe53bcd62d3032caaeef59700') in 0.028427 seconds 
========================================================================
Received Import Request.
  Time since last request: 10.925975 seconds.
  path: Assets/Script/_Fun/PlayerDataManager.cs
  artifactKey: Guid(41c8fd4efc3a2cf42a3b6f76e043537c) Importer(815301076,1909f56bfc062723c751e8b465ee728b)
Start importing Assets/Script/_Fun/PlayerDataManager.cs using Guid(41c8fd4efc3a2cf42a3b6f76e043537c) Importer(815301076,1909f56bfc062723c751e8b465ee728b)  -> (artifact id: 'f092b9fd1ccbc932b895399275810fdd') in 0.039932 seconds 
========================================================================
Received Import Request.
  Time since last request: 1120.612560 seconds.
  path: Assets/Script/_Fun/PlayerDataManager.cs
  artifactKey: Guid(41c8fd4efc3a2cf42a3b6f76e043537c) Importer(815301076,1909f56bfc062723c751e8b465ee728b)
Start importing Assets/Script/_Fun/PlayerDataManager.cs using Guid(41c8fd4efc3a2cf42a3b6f76e043537c) Importer(815301076,1909f56bfc062723c751e8b465ee728b)  -> (artifact id: 'b551f0980b8fb9f866a3ee270e9e2bbc') in 0.050591 seconds 
========================================================================
Received Import Request.
  Time since last request: 81.065312 seconds.
  path: Assets/Script/_Fun/PlayerDataManager.cs
  artifactKey: Guid(41c8fd4efc3a2cf42a3b6f76e043537c) Importer(815301076,1909f56bfc062723c751e8b465ee728b)
Start importing Assets/Script/_Fun/PlayerDataManager.cs using Guid(41c8fd4efc3a2cf42a3b6f76e043537c) Importer(815301076,1909f56bfc062723c751e8b465ee728b)  -> (artifact id: 'ba034af62c137b1d1dbabc6fc61f3e25') in 0.224447 seconds 
========================================================================
Received Import Request.
  Time since last request: 5.808730 seconds.
  path: Assets/Script/_Fun/PlayerDataManager.cs
  artifactKey: Guid(41c8fd4efc3a2cf42a3b6f76e043537c) Importer(815301076,1909f56bfc062723c751e8b465ee728b)
Start importing Assets/Script/_Fun/PlayerDataManager.cs using Guid(41c8fd4efc3a2cf42a3b6f76e043537c) Importer(815301076,1909f56bfc062723c751e8b465ee728b)  -> (artifact id: '77260dd33e8280348ffa3eabac5a505c') in 0.159911 seconds 
========================================================================
Received Import Request.
  Time since last request: 88.883940 seconds.
  path: Assets/Script/_Fun/PlayerDataManager.cs
  artifactKey: Guid(41c8fd4efc3a2cf42a3b6f76e043537c) Importer(815301076,1909f56bfc062723c751e8b465ee728b)
Start importing Assets/Script/_Fun/PlayerDataManager.cs using Guid(41c8fd4efc3a2cf42a3b6f76e043537c) Importer(815301076,1909f56bfc062723c751e8b465ee728b)  -> (artifact id: 'a8fb2ae557677f51ba178460ec3ba589') in 0.023786 seconds 
========================================================================
Received Import Request.
  Time since last request: 6.722451 seconds.
  path: Assets/Script/_Fun/PlayerDataManager.cs
  artifactKey: Guid(41c8fd4efc3a2cf42a3b6f76e043537c) Importer(815301076,1909f56bfc062723c751e8b465ee728b)
Start importing Assets/Script/_Fun/PlayerDataManager.cs using Guid(41c8fd4efc3a2cf42a3b6f76e043537c) Importer(815301076,1909f56bfc062723c751e8b465ee728b)  -> (artifact id: '57d4371fe1fb81fd66e63d8699c361b0') in 0.090722 seconds 
========================================================================
Received Import Request.
  Time since last request: 113.911660 seconds.
  path: Assets/Script/_Fun/PlayerDataManager.cs
  artifactKey: Guid(41c8fd4efc3a2cf42a3b6f76e043537c) Importer(815301076,1909f56bfc062723c751e8b465ee728b)
Start importing Assets/Script/_Fun/PlayerDataManager.cs using Guid(41c8fd4efc3a2cf42a3b6f76e043537c) Importer(815301076,1909f56bfc062723c751e8b465ee728b)  -> (artifact id: '3b9f2a3fc9fd8c0cbae0aed76827537a') in 0.120265 seconds 
========================================================================
Received Import Request.
  Time since last request: 2.931661 seconds.
  path: Assets/Script/_Fun/PlayerDataManager.cs
  artifactKey: Guid(41c8fd4efc3a2cf42a3b6f76e043537c) Importer(815301076,1909f56bfc062723c751e8b465ee728b)
Start importing Assets/Script/_Fun/PlayerDataManager.cs using Guid(41c8fd4efc3a2cf42a3b6f76e043537c) Importer(815301076,1909f56bfc062723c751e8b465ee728b)  -> (artifact id: '94eab73929bd8436897dca787b7126ca') in 0.008653 seconds 
========================================================================
Received Prepare
Registering precompiled user dll's ...
Registered in 0.011269 seconds.
